<?xml version="1.0" encoding="UTF-8"?>
<!-- Generated by org.testng.reporters.JUnitReportReporter -->
<testsuite skipped="0" hostname="sairam-PC" name="TestScript.Script" tests="2" failures="0" timestamp="12 Oct 2020 09:33:27 GMT" time="0.025" errors="0">
  <testcase name="VerifyUrl" time="0.013" classname="TestScript.Script"/>
  <testcase name="VerifyTitle" time="0.012" classname="TestScript.Script"/>
</testsuite> <!-- TestScript.Script -->
