<?xml version="1.0" encoding="UTF-8"?>
<!-- Generated by org.testng.reporters.JUnitReportReporter -->
<testsuite skipped="0" hostname="sairam-PC" name="TestScript.Script" tests="2" failures="0" timestamp="2020-10-12T16:59:04 IST" time="0.033" errors="0">
  <testcase name="VerifyUrl" time="0.009" classname="TestScript.Script"/>
  <system-out/>
  <testcase name="VerifyTitle" time="0.024" classname="TestScript.Script"/>
  <system-out/>
</testsuite> <!-- TestScript.Script -->
